# JRE version: OpenJDK Runtime Environment (21.0.10+7) (build 21.0.10+7-Ubuntu-122.04)
# Java VM: OpenJDK 64-Bit Server VM (21.0.10+7-Ubuntu-122.04, mixed mode, sharing, tiered, compressed oops, compressed class ptrs, g1 gc, linux-amd64)
Heap:
 garbage-first heap   total 278528K, used 191030K [0x00000000a0000000, 0x0000000800000000)
  region size 16384K, 10 young (163840K), 1 survivors (16384K)
 Metaspace       used 23450K, committed 23680K, reserved 1114112K
  class space    used 2191K, committed 2304K, reserved 1048576K
GC Heap History (10 events):
Event: 1.252 GC heap before
{Heap before GC invocations=0 (full 0):
 garbage-first heap   total 2080768K, used 99377K [0x00000000a0000000, 0x0000000800000000)
  region size 16384K, 5 young (81920K), 0 survivors (0K)
 Metaspace       used 21216K, committed 21504K, reserved 1114112K
  class space    used 2005K, committed 2176K, reserved 1048576K
}
Event: 1.260 GC heap after
{Heap after GC invocations=1 (full 0):
 garbage-first heap   total 2080768K, used 53508K [0x00000000a0000000, 0x0000000800000000)
  region size 16384K, 1 young (16384K), 1 survivors (16384K)
 Metaspace       used 21216K, committed 21504K, reserved 1114112K
  class space    used 2005K, committed 2176K, reserved 1048576K
}
Event: 4.271 GC heap before
{Heap before GC invocations=2 (full 0):
 garbage-first heap   total 278528K, used 135428K [0x00000000a0000000, 0x0000000800000000)
  region size 16384K, 6 young (98304K), 1 survivors (16384K)
 Metaspace       used 23261K, committed 23552K, reserved 1114112K
  class space    used 2188K, committed 2304K, reserved 1048576K
}
Event: 4.278 GC heap after
{Heap after GC invocations=3 (full 0):
 garbage-first heap   total 278528K, used 59981K [0x00000000a0000000, 0x0000000800000000)
  region size 16384K, 1 young (16384K), 1 survivors (16384K)
 Metaspace       used 23261K, committed 23552K, reserved 1114112K
  class space    used 2188K, committed 2304K, reserved 1048576K
}
Event: 5.035 GC heap before
{Heap before GC invocations=3 (full 0):
 garbage-first heap   total 278528K, used 125517K [0x00000000a0000000, 0x0000000800000000)
  region size 16384K, 6 young (98304K), 1 survivors (16384K)
 Metaspace       used 23262K, committed 23552K, reserved 1114112K
  class space    used 2188K, committed 2304K, reserved 1048576K
}
Event: 5.038 GC heap after
{Heap after GC invocations=4 (full 0):
 garbage-first heap   total 278528K, used 60010K [0x00000000a0000000, 0x0000000800000000)
  region size 16384K, 1 young (16384K), 1 survivors (16384K)
 Metaspace       used 23262K, committed 23552K, reserved 1114112K
  class space    used 2188K, committed 2304K, reserved 1048576K
}
Event: 6.260 GC heap before
{Heap before GC invocations=4 (full 0):
 garbage-first heap   total 278528K, used 191082K [0x00000000a0000000, 0x0000000800000000)
  region size 16384K, 9 young (147456K), 1 survivors (16384K)
 Metaspace       used 23262K, committed 23552K, reserved 1114112K
  class space    used 2188K, committed 2304K, reserved 1048576K
}
Event: 6.261 GC heap after
{Heap after GC invocations=5 (full 0):
 garbage-first heap   total 278528K, used 59880K [0x00000000a0000000, 0x0000000800000000)
  region size 16384K, 1 young (16384K), 1 survivors (16384K)
 Metaspace       used 23262K, committed 23552K, reserved 1114112K
  class space    used 2188K, committed 2304K, reserved 1048576K
}
Event: 7.595 GC heap before
{Heap before GC invocations=5 (full 0):
 garbage-first heap   total 278528K, used 190952K [0x00000000a0000000, 0x0000000800000000)
  region size 16384K, 10 young (163840K), 1 survivors (16384K)
 Metaspace       used 23267K, committed 23552K, reserved 1114112K
  class space    used 2188K, committed 2304K, reserved 1048576K
}
Event: 7.596 GC heap after
{Heap after GC invocations=6 (full 0):
 garbage-first heap   total 278528K, used 59958K [0x00000000a0000000, 0x0000000800000000)
  region size 16384K, 1 young (16384K), 1 survivors (16384K)
 Metaspace       used 23267K, committed 23552K, reserved 1114112K
  class space    used 2188K, committed 2304K, reserved 1048576K
}

